[0.308s] Invoking command in '/home/agata/Desktop/Things/GIT/BlueSpark/BlueSpark/PrototypeOne/ROS2/ros2_ws/src/sensor_hub_subscriber': AMENT_PREFIX_PATH=/home/agata/Desktop/Things/GIT/BlueSpark/BlueSpark/PrototypeOne/ROS2/ros2_ws/install/sensor_hub:${AMENT_PREFIX_PATH} DEBUGINFOD_URLS=https://debuginfod.ubuntu.com PYTEST_ADDOPTS=--tb=short --junit-xml=/home/agata/Desktop/Things/GIT/BlueSpark/BlueSpark/PrototypeOne/ROS2/ros2_ws/build/sensor_hub/pytest.xml --junit-prefix=sensor_hub -o cache_dir=/home/agata/Desktop/Things/GIT/BlueSpark/BlueSpark/PrototypeOne/ROS2/ros2_ws/build/sensor_hub/.pytest_cache PYTHONDONTWRITEBYTECODE=1 PYTHONPATH=/home/agata/Desktop/Things/GIT/BlueSpark/BlueSpark/PrototypeOne/ROS2/ros2_ws/install/sensor_hub/lib/python3.12/site-packages:${PYTHONPATH} /usr/bin/python3 -m pytest
[0.624s] [1m============================= test session starts ==============================[0m
[0.624s] platform linux -- Python 3.12.3, pytest-7.4.4, pluggy-1.4.0
[0.628s] cachedir: /home/agata/Desktop/Things/GIT/BlueSpark/BlueSpark/PrototypeOne/ROS2/ros2_ws/build/sensor_hub/.pytest_cache
[0.628s] rootdir: /home/agata/Desktop/Things/GIT/BlueSpark/BlueSpark/PrototypeOne/ROS2/ros2_ws/src/sensor_hub_subscriber
[0.628s] plugins: ament-pep257-0.17.2, launch-testing-ros-0.26.7, launch-testing-3.4.4, ament-xmllint-0.17.2, ament-lint-0.17.2, ament-copyright-0.17.2, ament-flake8-0.17.2, cov-4.1.0, colcon-core-0.19.0, mock-3.12.0, repeat-0.9.3, rerunfailures-12.0, timeout-2.2.0, typeguard-4.1.5
[0.688s] [1mcollecting ... [0m[1m
[0.688s] collected 3 items                                                              [0m
[0.689s] 
[0.694s] test/test_copyright.py [33ms[0m[32m                                                 [ 33%][0m
[0.808s] test/test_flake8.py [31mF[0m[31m                                                    [ 66%][0m
[0.822s] test/test_pep257.py [32m.[0m[31m                                                    [100%][0m
[0.822s] 
[0.822s] =================================== FAILURES ===================================
[0.822s] [31m[1m_________________________________ test_flake8 __________________________________[0m
[0.822s] [1m[31mtest/test_flake8.py[0m:23: in test_flake8
[0.846s]     [94massert[39;49;00m rc == [94m0[39;49;00m, \
[0.846s] [1m[31mE   AssertionError: Found 8 code style errors / warnings:[0m
[0.846s] [1m[31mE     ./sensor_hub/sensor_hub.py:5:1: E302 expected 2 blank lines, found 1[0m
[0.846s] [1m[31mE     ./sensor_hub/sensor_hub.py:11:64: W291 trailing whitespace[0m
[0.846s] [1m[31mE     ./sensor_hub/sensor_hub.py:12:13: E128 continuation line under-indented for visual indent[0m
[0.846s] [1m[31mE     ./sensor_hub/sensor_hub.py:13:67: W291 trailing whitespace[0m
[0.847s] [1m[31mE     ./sensor_hub/sensor_hub.py:14:13: E128 continuation line under-indented for visual indent[0m
[0.847s] [1m[31mE     ./sensor_hub/sensor_hub.py:15:61: W291 trailing whitespace[0m
[0.847s] [1m[31mE     ./sensor_hub/sensor_hub.py:16:13: E128 continuation line under-indented for visual indent[0m
[0.847s] [1m[31mE     ./sensor_hub/sensor_hub.py:37:1: W293 blank line contains whitespace[0m
[0.847s] [1m[31mE   assert 1 == 0[0m
[0.847s] ----------------------------- Captured stdout call -----------------------------
[0.847s] 
[0.847s] ./sensor_hub/sensor_hub.py:5:1: E302 expected 2 blank lines, found 1
[0.847s] class SensorHub(Node):
[0.847s] ^
[0.847s] 
[0.847s] ./sensor_hub/sensor_hub.py:11:64: W291 trailing whitespace
[0.847s]         self.bar30_pressure = self.create_subscription(Float32, 
[0.847s]                                                                ^
[0.847s] 
[0.847s] ./sensor_hub/sensor_hub.py:12:13: E128 continuation line under-indented for visual indent
[0.848s]             'bar30/pressure', self.pressure_callback, 10)
[0.848s]             ^
[0.848s] 
[0.848s] ./sensor_hub/sensor_hub.py:13:67: W291 trailing whitespace
[0.848s]         self.bar30_temperature = self.create_subscription(Float32, 
[0.848s]                                                                   ^
[0.848s] 
[0.848s] ./sensor_hub/sensor_hub.py:14:13: E128 continuation line under-indented for visual indent
[0.848s]             'bar30/temperature', self.temperature_callback, 10)
[0.848s]             ^
[0.848s] 
[0.848s] ./sensor_hub/sensor_hub.py:15:61: W291 trailing whitespace
[0.848s]         self.bar30_depth = self.create_subscription(Float32, 
[0.848s]                                                             ^
[0.848s] 
[0.848s] ./sensor_hub/sensor_hub.py:16:13: E128 continuation line under-indented for visual indent
[0.848s]             'bar30/depth', self.depth_callback, 10)
[0.849s]             ^
[0.849s] 
[0.849s] ./sensor_hub/sensor_hub.py:37:1: W293 blank line contains whitespace
[0.849s]     
[0.849s] ^
[0.849s] 
[0.849s] 3     E128 continuation line under-indented for visual indent
[0.849s] 1     E302 expected 2 blank lines, found 1
[0.849s] 3     W291 trailing whitespace
[0.849s] 1     W293 blank line contains whitespace
[0.849s] 
[0.849s] 6 files checked
[0.849s] 8 errors
[0.849s] 
[0.849s] 'E'-type errors: 4
[0.849s] 'W'-type errors: 4
[0.850s] 
[0.850s] Checked files:
[0.850s] 
[0.850s] * ./setup.py
[0.850s] * ./test/test_flake8.py
[0.850s] * ./test/test_copyright.py
[0.850s] * ./test/test_pep257.py
[0.850s] * ./sensor_hub/__init__.py
[0.850s] * ./sensor_hub/sensor_hub.py
[0.850s] - generated xml file: /home/agata/Desktop/Things/GIT/BlueSpark/BlueSpark/PrototypeOne/ROS2/ros2_ws/build/sensor_hub/pytest.xml -
[0.850s] [36m[1m=========================== short test summary info ============================[0m
[0.850s] [31mFAILED[0m test/test_flake8.py::[1mtest_flake8[0m - AssertionError: Found 8 code style errors / warnings:
[0.850s] [31m==================== [31m[1m1 failed[0m, [32m1 passed[0m, [33m1 skipped[0m[31m in 0.22s[0m[31m ====================[0m
[0.937s] Invoked command in '/home/agata/Desktop/Things/GIT/BlueSpark/BlueSpark/PrototypeOne/ROS2/ros2_ws/src/sensor_hub_subscriber' returned '1': AMENT_PREFIX_PATH=/home/agata/Desktop/Things/GIT/BlueSpark/BlueSpark/PrototypeOne/ROS2/ros2_ws/install/sensor_hub:${AMENT_PREFIX_PATH} DEBUGINFOD_URLS=https://debuginfod.ubuntu.com PYTEST_ADDOPTS=--tb=short --junit-xml=/home/agata/Desktop/Things/GIT/BlueSpark/BlueSpark/PrototypeOne/ROS2/ros2_ws/build/sensor_hub/pytest.xml --junit-prefix=sensor_hub -o cache_dir=/home/agata/Desktop/Things/GIT/BlueSpark/BlueSpark/PrototypeOne/ROS2/ros2_ws/build/sensor_hub/.pytest_cache PYTHONDONTWRITEBYTECODE=1 PYTHONPATH=/home/agata/Desktop/Things/GIT/BlueSpark/BlueSpark/PrototypeOne/ROS2/ros2_ws/install/sensor_hub/lib/python3.12/site-packages:${PYTHONPATH} /usr/bin/python3 -m pytest
