<?xml version="1.0" encoding="utf-8"?><testsuites><testsuite name="pytest" errors="0" failures="1" skipped="1" tests="3" time="0.201" timestamp="2025-07-29T22:02:25.224532" hostname="agata-Laptop-13-AMD-Ryzen-7040Series"><testcase classname="sensor_hub.test.test_copyright" name="test_copyright" time="0.000"><skipped type="pytest.skip" message="No copyright header has been placed in the generated source file.">/home/agata/Desktop/Things/GIT/BlueSpark/BlueSpark/PrototypeOne/ROS2/ros2_ws/src/sensor_hub_subscriber/test/test_copyright.py:20: No copyright header has been placed in the generated source file.</skipped></testcase><testcase classname="sensor_hub.test.test_flake8" name="test_flake8" time="0.094"><failure message="AssertionError: Found 4 code style errors / warnings:&#10;  ./sensor_hub/sensor_hub.py:13:13: E128 continuation line under-indented for visual indent&#10;  ./sensor_hub/sensor_hub.py:15:13: E128 continuation line under-indented for visual indent&#10;  ./sensor_hub/sensor_hub.py:17:13: E128 continuation line under-indented for visual indent&#10;  ./sensor_hub/sensor_hub.py:43:11: W292 no newline at end of file&#10;assert 1 == 0">test/test_flake8.py:23: in test_flake8
    assert rc == 0, \
E   AssertionError: Found 4 code style errors / warnings:
E     ./sensor_hub/sensor_hub.py:13:13: E128 continuation line under-indented for visual indent
E     ./sensor_hub/sensor_hub.py:15:13: E128 continuation line under-indented for visual indent
E     ./sensor_hub/sensor_hub.py:17:13: E128 continuation line under-indented for visual indent
E     ./sensor_hub/sensor_hub.py:43:11: W292 no newline at end of file
E   assert 1 == 0</failure></testcase><testcase classname="sensor_hub.test.test_pep257" name="test_pep257" time="0.011" /></testsuite></testsuites>