[1m============================= test session starts ==============================[0m
platform linux -- Python 3.12.3, pytest-7.4.4, pluggy-1.4.0
cachedir: /home/agata/Desktop/Things/GIT/BlueSpark/BlueSpark/PrototypeOne/ROS2/ros2_ws/build/sensor_hub/.pytest_cache
rootdir: /home/agata/Desktop/Things/GIT/BlueSpark/BlueSpark/PrototypeOne/ROS2/ros2_ws/src/sensor_hub_subscriber
plugins: ament-pep257-0.17.2, launch-testing-ros-0.26.7, launch-testing-3.4.4, ament-xmllint-0.17.2, ament-lint-0.17.2, ament-copyright-0.17.2, ament-flake8-0.17.2, cov-4.1.0, colcon-core-0.19.0, mock-3.12.0, repeat-0.9.3, rerunfailures-12.0, timeout-2.2.0, typeguard-4.1.5
[1mcollecting ... [0m[1m
collected 3 items                                                              [0m

test/test_copyright.py [33ms[0m[32m                                                 [ 33%][0m
test/test_flake8.py [31mF[0m[31m                                                    [ 66%][0m
test/test_pep257.py [32m.[0m[31m                                                    [100%][0m

=================================== FAILURES ===================================
[31m[1m_________________________________ test_flake8 __________________________________[0m
[1m[31mtest/test_flake8.py[0m:23: in test_flake8
    [94massert[39;49;00m rc == [94m0[39;49;00m, \
[1m[31mE   AssertionError: Found 4 code style errors / warnings:[0m
[1m[31mE     ./sensor_hub/sensor_hub.py:13:13: E128 continuation line under-indented for visual indent[0m
[1m[31mE     ./sensor_hub/sensor_hub.py:15:13: E128 continuation line under-indented for visual indent[0m
[1m[31mE     ./sensor_hub/sensor_hub.py:17:13: E128 continuation line under-indented for visual indent[0m
[1m[31mE     ./sensor_hub/sensor_hub.py:43:11: W292 no newline at end of file[0m
[1m[31mE   assert 1 == 0[0m
----------------------------- Captured stdout call -----------------------------

./sensor_hub/sensor_hub.py:13:13: E128 continuation line under-indented for visual indent
            'bar30/pressure', self.pressure_callback, 10)
            ^

./sensor_hub/sensor_hub.py:15:13: E128 continuation line under-indented for visual indent
            'bar30/temperature', self.temperature_callback, 10)
            ^

./sensor_hub/sensor_hub.py:17:13: E128 continuation line under-indented for visual indent
            'bar30/depth', self.depth_callback, 10)
            ^

./sensor_hub/sensor_hub.py:43:11: W292 no newline at end of file
    main()          ^

3     E128 continuation line under-indented for visual indent
1     W292 no newline at end of file

6 files checked
4 errors

'E'-type errors: 3
'W'-type errors: 1

Checked files:

* ./setup.py
* ./test/test_flake8.py
* ./test/test_copyright.py
* ./test/test_pep257.py
* ./sensor_hub/__init__.py
* ./sensor_hub/sensor_hub.py
- generated xml file: /home/agata/Desktop/Things/GIT/BlueSpark/BlueSpark/PrototypeOne/ROS2/ros2_ws/build/sensor_hub/pytest.xml -
[36m[1m=========================== short test summary info ============================[0m
[31mFAILED[0m test/test_flake8.py::[1mtest_flake8[0m - AssertionError: Found 4 code style errors / warnings:
[31m==================== [31m[1m1 failed[0m, [32m1 passed[0m, [33m1 skipped[0m[31m in 0.22s[0m[31m ====================[0m
