[1m============================= test session starts ==============================[0m
platform linux -- Python 3.12.3, pytest-7.4.4, pluggy-1.4.0
cachedir: /home/agata/Desktop/Things/GIT/BlueSpark/BlueSpark/PrototypeOne/ROS2/ros2_ws/build/sensor_hub/.pytest_cache
rootdir: /home/agata/Desktop/Things/GIT/BlueSpark/BlueSpark/PrototypeOne/ROS2/ros2_ws/src/sensor_hub_subscriber
plugins: ament-pep257-0.17.2, launch-testing-ros-0.26.7, launch-testing-3.4.4, ament-xmllint-0.17.2, ament-lint-0.17.2, ament-copyright-0.17.2, ament-flake8-0.17.2, cov-4.1.0, colcon-core-0.19.0, mock-3.12.0, repeat-0.9.3, rerunfailures-12.0, timeout-2.2.0, typeguard-4.1.5
[1mcollecting ... [0m[1m
collected 3 items                                                              [0m

test/test_copyright.py [33ms[0m[32m                                                 [ 33%][0m
test/test_flake8.py [31mF[0m[31m                                                    [ 66%][0m
test/test_pep257.py [32m.[0m[31m                                                    [100%][0m

=================================== FAILURES ===================================
[31m[1m_________________________________ test_flake8 __________________________________[0m
[1m[31mtest/test_flake8.py[0m:23: in test_flake8
    [94massert[39;49;00m rc == [94m0[39;49;00m, \
[1m[31mE   AssertionError: Found 13 code style errors / warnings:[0m
[1m[31mE     ./sensor_hub/sensor_hub.py:5:1: I100 Import statements are in the wrong order. 'from nav_msgs.msg import Odometry' should be before 'from std_msgs.msg import Float32'[0m
[1m[31mE     ./sensor_hub/sensor_hub.py:9:1: E303 too many blank lines (3)[0m
[1m[31mE     ./sensor_hub/sensor_hub.py:13:1: W293 blank line contains whitespace[0m
[1m[31mE     ./sensor_hub/sensor_hub.py:14:100: E501 line too long (109 > 99 characters)[0m
[1m[31mE     ./sensor_hub/sensor_hub.py:15:100: E501 line too long (118 > 99 characters)[0m
[1m[31mE     ./sensor_hub/sensor_hub.py:16:100: E501 line too long (100 > 99 characters)[0m
[1m[31mE     ./sensor_hub/sensor_hub.py:17:100: E501 line too long (106 > 99 characters)[0m
[1m[31mE     ./sensor_hub/sensor_hub.py:20:5: E303 too many blank lines (2)[0m
[1m[31mE     ./sensor_hub/sensor_hub.py:22:5: E301 expected 1 blank line, found 0[0m
[1m[31mE     ./sensor_hub/sensor_hub.py:23:59: W291 trailing whitespace[0m
[1m[31mE     ./sensor_hub/sensor_hub.py:24:5: E301 expected 1 blank line, found 0[0m
[1m[31mE     ./sensor_hub/sensor_hub.py:26:5: E301 expected 1 blank line, found 0[0m
[1m[31mE     ./sensor_hub/sensor_hub.py:27:100: E501 line too long (142 > 99 characters)[0m
[1m[31mE   assert 1 == 0[0m
----------------------------- Captured stdout call -----------------------------

./sensor_hub/sensor_hub.py:5:1: I100 Import statements are in the wrong order. 'from nav_msgs.msg import Odometry' should be before 'from std_msgs.msg import Float32'
from nav_msgs.msg import Odometry
^

./sensor_hub/sensor_hub.py:9:1: E303 too many blank lines (3)
class SensorHub(Node):
^

./sensor_hub/sensor_hub.py:13:1: W293 blank line contains whitespace
        
^

./sensor_hub/sensor_hub.py:14:100: E501 line too long (109 > 99 characters)
        self.bar30_pressure = self.create_subscription(Float32, 'bar30/pressure', self.pressure_callback, 10)
                                                                                                   ^

./sensor_hub/sensor_hub.py:15:100: E501 line too long (118 > 99 characters)
        self.bar30_temperature = self.create_subscription(Float32, 'bar30/temperature', self.temperature_callback, 10)
                                                                                                   ^

./sensor_hub/sensor_hub.py:16:100: E501 line too long (100 > 99 characters)
        self.bar30_depth = self.create_subscription(Float32, 'bar30/depth', self.depth_callback, 10)
                                                                                                   ^

./sensor_hub/sensor_hub.py:17:100: E501 line too long (106 > 99 characters)
        self.bar30_odometry = self.create_subscription(Odometry, 'bar30/odom', self.odometry_callback, 10)
                                                                                                   ^

./sensor_hub/sensor_hub.py:20:5: E303 too many blank lines (2)
    def pressure_callback(self, msg: Float32):
    ^

./sensor_hub/sensor_hub.py:22:5: E301 expected 1 blank line, found 0
    def temperature_callback(self, msg: Float32):
    ^

./sensor_hub/sensor_hub.py:23:59: W291 trailing whitespace
        self.get_logger().info(f'Temperature: {msg.data}') 
                                                          ^

./sensor_hub/sensor_hub.py:24:5: E301 expected 1 blank line, found 0
    def depth_callback(self, msg: Float32):
    ^

./sensor_hub/sensor_hub.py:26:5: E301 expected 1 blank line, found 0
    def odometry_callback(self, msg: Odometry):
    ^

./sensor_hub/sensor_hub.py:27:100: E501 line too long (142 > 99 characters)
        self.get_logger().info(f'Odometry Position: x={msg.pose.pose.position.x}, y={msg.pose.pose.position.y}, z={msg.pose.pose.position.z}')
                                                                                                   ^

3     E301 expected 1 blank line, found 0
2     E303 too many blank lines (3)
5     E501 line too long (109 > 99 characters)
1     I100 Import statements are in the wrong order. 'from nav_msgs.msg import Odometry' should be before 'from std_msgs.msg import Float32'
1     W291 trailing whitespace
1     W293 blank line contains whitespace

6 files checked
13 errors

'E'-type errors: 10
'I'-type errors: 1
'W'-type errors: 2

Checked files:

* ./setup.py
* ./test/test_flake8.py
* ./test/test_copyright.py
* ./test/test_pep257.py
* ./sensor_hub/__init__.py
* ./sensor_hub/sensor_hub.py
- generated xml file: /home/agata/Desktop/Things/GIT/BlueSpark/BlueSpark/PrototypeOne/ROS2/ros2_ws/build/sensor_hub/pytest.xml -
[36m[1m=========================== short test summary info ============================[0m
[31mFAILED[0m test/test_flake8.py::[1mtest_flake8[0m - AssertionError: Found 13 code style errors / warnings:
[31m==================== [31m[1m1 failed[0m, [32m1 passed[0m, [33m1 skipped[0m[31m in 0.41s[0m[31m ====================[0m
